<?xml version="1.0" encoding="UTF-8"?>
<!-- Generated by org.testng.reporters.JUnitXMLReporter -->
<testsuite hostname="ARAVINDKSV" ignored="0" name="Default test(failed)" tests="3" failures="1" timestamp="22 Sep 2021 17:46:57 GMT" time="125.927" errors="0">
  <testcase name="createOrganisationTest" time="35.529" classname="com.com.autodesk.Products.Tests.TC_01_CreateProductTest">
    <skipped/>
  </testcase> <!-- createOrganisationTest -->
  <testcase name="createOrganisationTest" time="34.569" classname="com.com.autodesk.Products.Tests.TC_01_CreateProductTest">
    <skipped/>
  </testcase> <!-- createOrganisationTest -->
  <testcase name="createOrganisationTest" time="36.11" classname="com.com.autodesk.Products.Tests.TC_01_CreateProductTest">
    <failure type="java.lang.AssertionError" message="expected [true] but found [false]">
      <![CDATA[java.lang.AssertionError: expected [true] but found [false]
at com.com.autodesk.Products.Tests.TC_01_CreateProductTest.createOrganisationTest(TC_01_CreateProductTest.java:77)
... Removed 31 stack frames]]>
    </failure>
  </testcase> <!-- createOrganisationTest -->
</testsuite> <!-- Default test(failed) -->
